# JRE version: Java(TM) SE Runtime Environment (8.0_45-b15) (build 1.8.0_45-b15)
# Java VM: Java HotSpot(TM) 64-Bit Server VM (25.45-b02 mixed mode windows-amd64 compressed oops)
Heap:
 PSYoungGen      total 274944K, used 235396K [0x000000076b300000, 0x000000077e300000, 0x00000007c0000000)
  eden space 254976K, 92% used [0x000000076b300000,0x00000007798e1078,0x000000077ac00000)
  from space 19968K, 0% used [0x000000077c200000,0x000000077c200000,0x000000077d580000)
  to   space 22528K, 0% used [0x000000077ac00000,0x000000077ac00000,0x000000077c200000)
 ParOldGen       total 245760K, used 30478K [0x00000006c1800000, 0x00000006d0800000, 0x000000076b300000)
  object space 245760K, 12% used [0x00000006c1800000,0x00000006c35c38c0,0x00000006d0800000)
 Metaspace       used 65406K, capacity 69626K, committed 69888K, reserved 1110016K
  class space    used 8755K, capacity 9464K, committed 9472K, reserved 1048576K
GC Heap History (10 events):
Event: 3.174 GC heap before
{Heap before GC invocations=9 (full 2):
 PSYoungGen      total 161792K, used 149504K [0x000000076b300000, 0x0000000778880000, 0x00000007c0000000)
  eden space 149504K, 100% used [0x000000076b300000,0x0000000774500000,0x0000000774500000)
  from space 12288K, 0% used [0x0000000775300000,0x0000000775300000,0x0000000775f00000)
  to   space 14336K, 0% used [0x0000000774500000,0x0000000774500000,0x0000000775300000)
 ParOldGen       total 172544K, used 16789K [0x00000006c1800000, 0x00000006cc080000, 0x000000076b300000)
  object space 172544K, 9% used [0x00000006c1800000,0x00000006c2865500,0x00000006cc080000)
 Metaspace       used 40377K, capacity 43022K, committed 43136K, reserved 1087488K
  class space    used 5453K, capacity 5951K, committed 6016K, reserved 1048576K
Event: 3.184 GC heap after
Heap after GC invocations=9 (full 2):
 PSYoungGen      total 163840K, used 11037K [0x000000076b300000, 0x0000000779f80000, 0x00000007c0000000)
  eden space 149504K, 0% used [0x000000076b300000,0x000000076b300000,0x0000000774500000)
  from space 14336K, 76% used [0x0000000774500000,0x0000000774fc77b8,0x0000000775300000)
  to   space 14848K, 0% used [0x0000000779100000,0x0000000779100000,0x0000000779f80000)
 ParOldGen       total 172544K, used 16797K [0x00000006c1800000, 0x00000006cc080000, 0x000000076b300000)
  object space 172544K, 9% used [0x00000006c1800000,0x00000006c2867500,0x00000006cc080000)
 Metaspace       used 40377K, capacity 43022K, committed 43136K, reserved 1087488K
  class space    used 5453K, capacity 5951K, committed 6016K, reserved 1048576K
}
Event: 4.119 GC heap before
{Heap before GC invocations=10 (full 2):
 PSYoungGen      total 163840K, used 160541K [0x000000076b300000, 0x0000000779f80000, 0x00000007c0000000)
  eden space 149504K, 100% used [0x000000076b300000,0x0000000774500000,0x0000000774500000)
  from space 14336K, 76% used [0x0000000774500000,0x0000000774fc77b8,0x0000000775300000)
  to   space 14848K, 0% used [0x0000000779100000,0x0000000779100000,0x0000000779f80000)
 ParOldGen       total 172544K, used 16797K [0x00000006c1800000, 0x00000006cc080000, 0x000000076b300000)
  object space 172544K, 9% used [0x00000006c1800000,0x00000006c2867500,0x00000006cc080000)
 Metaspace       used 49109K, capacity 52142K, committed 52224K, reserved 1093632K
  class space    used 6550K, capacity 7099K, committed 7168K, reserved 1048576K
Event: 4.130 GC heap after
Heap after GC invocations=10 (full 2):
 PSYoungGen      total 224768K, used 14291K [0x000000076b300000, 0x000000077a000000, 0x00000007c0000000)
  eden space 209920K, 0% used [0x000000076b300000,0x000000076b300000,0x0000000778000000)
  from space 14848K, 96% used [0x0000000779100000,0x0000000779ef4fe8,0x0000000779f80000)
  to   space 16384K, 0% used [0x0000000778000000,0x0000000778000000,0x0000000779000000)
 ParOldGen       total 172544K, used 16869K [0x00000006c1800000, 0x00000006cc080000, 0x000000076b300000)
  object space 172544K, 9% used [0x00000006c1800000,0x00000006c2879510,0x00000006cc080000)
 Metaspace       used 49109K, capacity 52142K, committed 52224K, reserved 1093632K
  class space    used 6550K, capacity 7099K, committed 7168K, reserved 1048576K
}
Event: 5.305 GC heap before
{Heap before GC invocations=11 (full 2):
 PSYoungGen      total 224768K, used 224211K [0x000000076b300000, 0x000000077a000000, 0x00000007c0000000)
  eden space 209920K, 100% used [0x000000076b300000,0x0000000778000000,0x0000000778000000)
  from space 14848K, 96% used [0x0000000779100000,0x0000000779ef4fe8,0x0000000779f80000)
  to   space 16384K, 0% used [0x0000000778000000,0x0000000778000000,0x0000000779000000)
 ParOldGen       total 172544K, used 16869K [0x00000006c1800000, 0x00000006cc080000, 0x000000076b300000)
  object space 172544K, 9% used [0x00000006c1800000,0x00000006c2879510,0x00000006cc080000)
 Metaspace       used 53880K, capacity 57564K, committed 57856K, reserved 1099776K
  class space    used 7206K, capacity 7834K, committed 7936K, reserved 1048576K
Event: 5.314 GC heap after
Heap after GC invocations=11 (full 2):
 PSYoungGen      total 226304K, used 16379K [0x000000076b300000, 0x000000077d580000, 0x00000007c0000000)
  eden space 209920K, 0% used [0x000000076b300000,0x000000076b300000,0x0000000778000000)
  from space 16384K, 99% used [0x0000000778000000,0x0000000778ffee28,0x0000000779000000)
  to   space 19968K, 0% used [0x000000077c200000,0x000000077c200000,0x000000077d580000)
 ParOldGen       total 172544K, used 20056K [0x00000006c1800000, 0x00000006cc080000, 0x000000076b300000)
  object space 172544K, 11% used [0x00000006c1800000,0x00000006c2b96028,0x00000006cc080000)
 Metaspace       used 53880K, capacity 57564K, committed 57856K, reserved 1099776K
  class space    used 7206K, capacity 7834K, committed 7936K, reserved 1048576K
}
Event: 5.663 GC heap before
{Heap before GC invocations=12 (full 2):
 PSYoungGen      total 226304K, used 118694K [0x000000076b300000, 0x000000077d580000, 0x00000007c0000000)
  eden space 209920K, 48% used [0x000000076b300000,0x00000007716eaa78,0x0000000778000000)
  from space 16384K, 99% used [0x0000000778000000,0x0000000778ffee28,0x0000000779000000)
  to   space 19968K, 0% used [0x000000077c200000,0x000000077c200000,0x000000077d580000)
 ParOldGen       total 172544K, used 20056K [0x00000006c1800000, 0x00000006cc080000, 0x000000076b300000)
  object space 172544K, 11% used [0x00000006c1800000,0x00000006c2b96028,0x00000006cc080000)
 Metaspace       used 55381K, capacity 59084K, committed 59160K, reserved 1099776K
  class space    used 7386K, capacity 8034K, committed 8064K, reserved 1048576K
Event: 5.673 GC heap after
Heap after GC invocations=12 (full 2):
 PSYoungGen      total 274944K, used 19967K [0x000000076b300000, 0x000000077e300000, 0x00000007c0000000)
  eden space 254976K, 0% used [0x000000076b300000,0x000000076b300000,0x000000077ac00000)
  from space 19968K, 99% used [0x000000077c200000,0x000000077d57fc88,0x000000077d580000)
  to   space 22528K, 0% used [0x000000077ac00000,0x000000077ac00000,0x000000077c200000)
 ParOldGen       total 172544K, used 20583K [0x00000006c1800000, 0x00000006cc080000, 0x000000076b300000)
  object space 172544K, 11% used [0x00000006c1800000,0x00000006c2c19c10,0x00000006cc080000)
 Metaspace       used 55381K, capacity 59084K, committed 59160K, reserved 1099776K
  class space    used 7386K, capacity 8034K, committed 8064K, reserved 1048576K
}
Event: 5.673 GC heap before
{Heap before GC invocations=13 (full 3):
 PSYoungGen      total 274944K, used 19967K [0x000000076b300000, 0x000000077e300000, 0x00000007c0000000)
  eden space 254976K, 0% used [0x000000076b300000,0x000000076b300000,0x000000077ac00000)
  from space 19968K, 99% used [0x000000077c200000,0x000000077d57fc88,0x000000077d580000)
  to   space 22528K, 0% used [0x000000077ac00000,0x000000077ac00000,0x000000077c200000)
 ParOldGen       total 172544K, used 20583K [0x00000006c1800000, 0x00000006cc080000, 0x000000076b300000)
  object space 172544K, 11% used [0x00000006c1800000,0x00000006c2c19c10,0x00000006cc080000)
 Metaspace       used 55381K, capacity 59084K, committed 59160K, reserved 1099776K
  class space    used 7386K, capacity 8034K, committed 8064K, reserved 1048576K
Event: 5.813 GC heap after
Heap after GC invocations=13 (full 3):
 PSYoungGen      total 274944K, used 0K [0x000000076b300000, 0x000000077e300000, 0x00000007c0000000)
  eden space 254976K, 0% used [0x000000076b300000,0x000000076b300000,0x000000077ac00000)
  from space 19968K, 0% used [0x000000077c200000,0x000000077c200000,0x000000077d580000)
  to   space 22528K, 0% used [0x000000077ac00000,0x000000077ac00000,0x000000077c200000)
 ParOldGen       total 245760K, used 30478K [0x00000006c1800000, 0x00000006d0800000, 0x000000076b300000)
  object space 245760K, 12% used [0x00000006c1800000,0x00000006c35c38c0,0x00000006d0800000)
 Metaspace       used 55381K, capacity 59084K, committed 59160K, reserved 1099776K
  class space    used 7386K, capacity 8034K, committed 8064K, reserved 1048576K
}

